<?xml version="1.0" encoding="UTF-8"?>
<!-- Generated by org.testng.reporters.JUnitXMLReporter -->
<testsuite ignored="0" hostname="SETRA053" failures="0" tests="21" name="Command line test" time="21.068" errors="0" timestamp="2023-08-25T16:27:03 TRT">
  <testcase classname="Test.GetById_StatusCode_Test" name="Test_ClientById" time="0.965"/>
  <testcase classname="Test.GetById_StatusCode_Test" name="Test_CompanyById" time="0.904"/>
  <testcase classname="Test.GetById_StatusCode_Test" name="Test_CountryByExternalID" time="1.396"/>
  <testcase classname="Test.GetById_StatusCode_Test" name="Test_CountryById" time="1.342"/>
  <testcase classname="Test.GetById_StatusCode_Test" name="Test_RegionById" time="1.156"/>
  <testcase classname="Test.GetById_StatusCode_Test" name="Test_SiteById" time="1.138"/>
  <testcase classname="Test.GetById_StatusCode_Test" name="Test_WorkCenterById" time="2.888"/>
  <testcase classname="Test.GetById_StatusCode_Test" name="Test_WorkCenterByLocationType" time="2.859"/>
  <testcase classname="Test.GetById_StatusCode_Test" name="Test_WorkCentersByParentId" time="2.795"/>
  <testcase classname="Test.GetByName_StatusCode_Test" name="Test_ClientByName_Success" time="0.78"/>
  <testcase classname="Test.GetByName_StatusCode_Test" name="Test_CompanyByName_Success" time="1.258"/>
  <testcase classname="Test.GetByName_StatusCode_Test" name="Test_RegionsByName_Success" time="1.117"/>
  <testcase classname="Test.GetByName_StatusCode_Test" name="Test_SitesByName_Success" time="1.122"/>
  <testcase classname="Test.GET_StatusCode_Test" name="Test_Client" time="0.162"/>
  <testcase classname="Test.GET_StatusCode_Test" name="Test_Company" time="0.161"/>
  <testcase classname="Test.GET_StatusCode_Test" name="Test_Country" time="0.162"/>
  <testcase classname="Test.GET_StatusCode_Test" name="Test_ProductionLocationType" time="0.165"/>
  <testcase classname="Test.GET_StatusCode_Test" name="Test_ProductionTarget" time="0.171"/>
  <testcase classname="Test.GET_StatusCode_Test" name="Test_Region" time="0.161"/>
  <testcase classname="Test.GET_StatusCode_Test" name="Test_Site" time="0.164"/>
  <testcase classname="Test.GET_StatusCode_Test" name="Test_WorkCenter" time="0.15"/>
</testsuite> <!-- Command line test -->
