<?xml version="1.0" encoding="UTF-8"?>
<!-- Generated by org.testng.reporters.JUnitXMLReporter -->
<testsuite ignored="0" hostname="SETRA053" failures="0" tests="21" name="Command line test" time="20.398" errors="0" timestamp="2023-09-06T10:58:00 TRT">
  <testcase classname="Test.GetById_StatusCode_Test" name="Test_ClientById" time="1.095"/>
  <testcase classname="Test.GetById_StatusCode_Test" name="Test_CompanyById" time="0.824"/>
  <testcase classname="Test.GetById_StatusCode_Test" name="Test_CountryByExternalID" time="1.54"/>
  <testcase classname="Test.GetById_StatusCode_Test" name="Test_CountryById" time="1.502"/>
  <testcase classname="Test.GetById_StatusCode_Test" name="Test_RegionById" time="0.796"/>
  <testcase classname="Test.GetById_StatusCode_Test" name="Test_SiteById" time="1.115"/>
  <testcase classname="Test.GetById_StatusCode_Test" name="Test_WorkCenterById" time="2.867"/>
  <testcase classname="Test.GetById_StatusCode_Test" name="Test_WorkCenterByLocationType" time="2.733"/>
  <testcase classname="Test.GetById_StatusCode_Test" name="Test_WorkCentersByParentId" time="2.701"/>
  <testcase classname="Test.GetByName_StatusCode_Test" name="Test_ClientByName_Success" time="0.722"/>
  <testcase classname="Test.GetByName_StatusCode_Test" name="Test_CompanyByName_Success" time="1.24"/>
  <testcase classname="Test.GetByName_StatusCode_Test" name="Test_RegionsByName_Success" time="0.768"/>
  <testcase classname="Test.GetByName_StatusCode_Test" name="Test_SitesByName_Success" time="1.063"/>
  <testcase classname="Test.GET_StatusCode_Test" name="Test_Client" time="0.166"/>
  <testcase classname="Test.GET_StatusCode_Test" name="Test_Company" time="0.161"/>
  <testcase classname="Test.GET_StatusCode_Test" name="Test_Country" time="0.158"/>
  <testcase classname="Test.GET_StatusCode_Test" name="Test_ProductionLocationType" time="0.169"/>
  <testcase classname="Test.GET_StatusCode_Test" name="Test_ProductionTarget" time="0.228"/>
  <testcase classname="Test.GET_StatusCode_Test" name="Test_Region" time="0.158"/>
  <testcase classname="Test.GET_StatusCode_Test" name="Test_Site" time="0.165"/>
  <testcase classname="Test.GET_StatusCode_Test" name="Test_WorkCenter" time="0.168"/>
</testsuite> <!-- Command line test -->
