<?xml version="1.0" encoding="UTF-8" ?>
<testsuite tests="21" failures="0" name="TestSuite" time="20.34" errors="0" skipped="0">
  <properties>
[...]
</properties>
  <testcase classname="Test.GetById_StatusCode_Test" name="Test_ClientById" time="1.094"/>
  <testcase classname="Test.GetById_StatusCode_Test" name="Test_CompanyById" time="0.823"/>
  <testcase classname="Test.GetById_StatusCode_Test" name="Test_CountryByExternalID" time="1.541"/>
  <testcase classname="Test.GetById_StatusCode_Test" name="Test_CountryById" time="1.501"/>
  <testcase classname="Test.GetById_StatusCode_Test" name="Test_RegionById" time="0.796"/>
  <testcase classname="Test.GetById_StatusCode_Test" name="Test_SiteById" time="1.115"/>
  <testcase classname="Test.GetById_StatusCode_Test" name="Test_WorkCenterById" time="2.868"/>
  <testcase classname="Test.GetById_StatusCode_Test" name="Test_WorkCenterByLocationType" time="2.734"/>
  <testcase classname="Test.GetById_StatusCode_Test" name="Test_WorkCentersByParentId" time="2.702"/>
  <testcase classname="Test.GetByName_StatusCode_Test" name="Test_ClientByName_Success" time="0.722"/>
  <testcase classname="Test.GetByName_StatusCode_Test" name="Test_CompanyByName_Success" time="1.24"/>
  <testcase classname="Test.GetByName_StatusCode_Test" name="Test_RegionsByName_Success" time="0.767"/>
  <testcase classname="Test.GetByName_StatusCode_Test" name="Test_SitesByName_Success" time="1.062"/>
  <testcase classname="Test.GET_StatusCode_Test" name="Test_Client" time="0.166"/>
  <testcase classname="Test.GET_StatusCode_Test" name="Test_Company" time="0.161"/>
  <testcase classname="Test.GET_StatusCode_Test" name="Test_Country" time="0.159"/>
  <testcase classname="Test.GET_StatusCode_Test" name="Test_ProductionLocationType" time="0.169"/>
  <testcase classname="Test.GET_StatusCode_Test" name="Test_ProductionTarget" time="0.24"/>
  <testcase classname="Test.GET_StatusCode_Test" name="Test_Region" time="0.146"/>
  <testcase classname="Test.GET_StatusCode_Test" name="Test_Site" time="0.165"/>
  <testcase classname="Test.GET_StatusCode_Test" name="Test_WorkCenter" time="0.169"/>
</testsuite>