<?xml version="1.0" encoding="UTF-8" ?>
<testsuite tests="15" failures="0" name="TestSuite" time="27.41" errors="0" skipped="0">
  <properties>
[...]
</properties>
  <testcase classname="Test.GET_StatusCode_Test" name="Test_Public_GDPR" time="3.447"/>
  <testcase classname="Test.GET_StatusCode_Test" name="Test_Public_GetLocations" time="1.144"/>
  <testcase classname="Test.GET_StatusCode_Test" name="Test_Public_GetPolicy" time="1.327"/>
  <testcase classname="Test.GET_StatusCode_Test" name="Test_Public_GetProductsByCategory" time="2.353"/>
  <testcase classname="Test.GET_StatusCode_Test" name="Test_Public_GetReasons" time="2.056"/>
  <testcase classname="Test.POST_ConfirmGDPR_Test" name="POST_ConfirmGDPR_Not_Success" time="2.438"/>
  <testcase classname="Test.POST_ConfirmGDPR_Test" name="POST_ConfirmGDPR_Success" time="2.674"/>
  <testcase classname="Test.POST_ContactForm_Test" name="POST_ContactForm_Not_Success" time="1.107"/>
  <testcase classname="Test.POST_ContactForm_Test" name="POST_ContactForm_Success" time="1.696"/>
  <testcase classname="Test.POST_CreateDevice_Test" name="POST_CreateDevice_Success" time="0.763"/>
  <testcase classname="Test.POST_CreateSupportContact_Test" name="POST_CreateSupportContact_Success" time="0.513"/>
  <testcase classname="Test.POST_MatchUser_Test" name="POST_MatchUser_Success" time="3.744"/>
  <testcase classname="Test.POST_RegisterAnonymous2_Test" name="POST_RegisterAnonymous2_Success" time="1.254"/>
  <testcase classname="Test.POST_RegisterAnonymous_Test" name="POST_RegisterAnonymous_Success" time="1.581"/>
  <testcase classname="Test.POST_UpdateUserFCM_Test" name="POST_UpdateUserFCM_Success" time="1.313"/>
</testsuite>