<?xml version="1.0" encoding="UTF-8"?>
<testng-results ignored="0" total="21" passed="21" failed="0" skipped="0">
  <reporter-output>
  </reporter-output>
  <suite started-at="2023-09-06T10:57:39 TRT" name="Command line suite" finished-at="2023-09-06T10:58:00 TRT" duration-ms="20398">
    <groups>
    </groups>
    <test started-at="2023-09-06T10:57:39 TRT" name="Command line test" finished-at="2023-09-06T10:58:00 TRT" duration-ms="20398">
      <class name="Test.GET_StatusCode_Test">
        <test-method signature="Test_Client()[pri:0, instance:Test.GET_StatusCode_Test@5995851e]" started-at="2023-09-06T10:57:58 TRT" name="Test_Client" finished-at="2023-09-06T10:57:59 TRT" duration-ms="166" status="PASS">
          <reporter-output>
          </reporter-output>
        </test-method> <!-- Test_Client -->
        <test-method signature="Test_Company()[pri:0, instance:Test.GET_StatusCode_Test@5995851e]" started-at="2023-09-06T10:57:59 TRT" name="Test_Company" finished-at="2023-09-06T10:57:59 TRT" duration-ms="161" status="PASS">
          <reporter-output>
          </reporter-output>
        </test-method> <!-- Test_Company -->
        <test-method signature="Test_Country()[pri:0, instance:Test.GET_StatusCode_Test@5995851e]" started-at="2023-09-06T10:57:59 TRT" name="Test_Country" finished-at="2023-09-06T10:57:59 TRT" duration-ms="158" status="PASS">
          <reporter-output>
          </reporter-output>
        </test-method> <!-- Test_Country -->
        <test-method signature="Test_ProductionLocationType()[pri:0, instance:Test.GET_StatusCode_Test@5995851e]" started-at="2023-09-06T10:57:59 TRT" name="Test_ProductionLocationType" finished-at="2023-09-06T10:57:59 TRT" duration-ms="169" status="PASS">
          <reporter-output>
          </reporter-output>
        </test-method> <!-- Test_ProductionLocationType -->
        <test-method signature="Test_ProductionTarget()[pri:0, instance:Test.GET_StatusCode_Test@5995851e]" started-at="2023-09-06T10:57:59 TRT" name="Test_ProductionTarget" finished-at="2023-09-06T10:57:59 TRT" duration-ms="228" status="PASS">
          <reporter-output>
          </reporter-output>
        </test-method> <!-- Test_ProductionTarget -->
        <test-method signature="Test_Region()[pri:0, instance:Test.GET_StatusCode_Test@5995851e]" started-at="2023-09-06T10:57:59 TRT" name="Test_Region" finished-at="2023-09-06T10:57:59 TRT" duration-ms="158" status="PASS">
          <reporter-output>
          </reporter-output>
        </test-method> <!-- Test_Region -->
        <test-method signature="Test_Site()[pri:0, instance:Test.GET_StatusCode_Test@5995851e]" started-at="2023-09-06T10:57:59 TRT" name="Test_Site" finished-at="2023-09-06T10:58:00 TRT" duration-ms="165" status="PASS">
          <reporter-output>
          </reporter-output>
        </test-method> <!-- Test_Site -->
        <test-method signature="Test_WorkCenter()[pri:0, instance:Test.GET_StatusCode_Test@5995851e]" started-at="2023-09-06T10:58:00 TRT" name="Test_WorkCenter" finished-at="2023-09-06T10:58:00 TRT" duration-ms="168" status="PASS">
          <reporter-output>
          </reporter-output>
        </test-method> <!-- Test_WorkCenter -->
      </class> <!-- Test.GET_StatusCode_Test -->
      <class name="Test.GetById_StatusCode_Test">
        <test-method signature="Test_ClientById()[pri:0, instance:Test.GetById_StatusCode_Test@7b2ccba5]" started-at="2023-09-06T10:57:39 TRT" name="Test_ClientById" finished-at="2023-09-06T10:57:41 TRT" duration-ms="1095" status="PASS">
          <reporter-output>
          </reporter-output>
        </test-method> <!-- Test_ClientById -->
        <test-method signature="Test_CompanyById()[pri:0, instance:Test.GetById_StatusCode_Test@7b2ccba5]" started-at="2023-09-06T10:57:41 TRT" name="Test_CompanyById" finished-at="2023-09-06T10:57:41 TRT" duration-ms="824" status="PASS">
          <reporter-output>
          </reporter-output>
        </test-method> <!-- Test_CompanyById -->
        <test-method signature="Test_CountryByExternalID()[pri:0, instance:Test.GetById_StatusCode_Test@7b2ccba5]" started-at="2023-09-06T10:57:41 TRT" name="Test_CountryByExternalID" finished-at="2023-09-06T10:57:43 TRT" duration-ms="1540" status="PASS">
          <reporter-output>
          </reporter-output>
        </test-method> <!-- Test_CountryByExternalID -->
        <test-method signature="Test_CountryById()[pri:0, instance:Test.GetById_StatusCode_Test@7b2ccba5]" started-at="2023-09-06T10:57:43 TRT" name="Test_CountryById" finished-at="2023-09-06T10:57:44 TRT" duration-ms="1502" status="PASS">
          <reporter-output>
          </reporter-output>
        </test-method> <!-- Test_CountryById -->
        <test-method signature="Test_RegionById()[pri:0, instance:Test.GetById_StatusCode_Test@7b2ccba5]" started-at="2023-09-06T10:57:44 TRT" name="Test_RegionById" finished-at="2023-09-06T10:57:45 TRT" duration-ms="796" status="PASS">
          <reporter-output>
          </reporter-output>
        </test-method> <!-- Test_RegionById -->
        <test-method signature="Test_SiteById()[pri:0, instance:Test.GetById_StatusCode_Test@7b2ccba5]" started-at="2023-09-06T10:57:45 TRT" name="Test_SiteById" finished-at="2023-09-06T10:57:46 TRT" duration-ms="1115" status="PASS">
          <reporter-output>
          </reporter-output>
        </test-method> <!-- Test_SiteById -->
        <test-method signature="Test_WorkCenterById()[pri:0, instance:Test.GetById_StatusCode_Test@7b2ccba5]" started-at="2023-09-06T10:57:46 TRT" name="Test_WorkCenterById" finished-at="2023-09-06T10:57:49 TRT" duration-ms="2867" status="PASS">
          <reporter-output>
          </reporter-output>
        </test-method> <!-- Test_WorkCenterById -->
        <test-method signature="Test_WorkCenterByLocationType()[pri:0, instance:Test.GetById_StatusCode_Test@7b2ccba5]" started-at="2023-09-06T10:57:49 TRT" name="Test_WorkCenterByLocationType" finished-at="2023-09-06T10:57:52 TRT" duration-ms="2733" status="PASS">
          <reporter-output>
          </reporter-output>
        </test-method> <!-- Test_WorkCenterByLocationType -->
        <test-method signature="Test_WorkCentersByParentId()[pri:0, instance:Test.GetById_StatusCode_Test@7b2ccba5]" started-at="2023-09-06T10:57:52 TRT" name="Test_WorkCentersByParentId" finished-at="2023-09-06T10:57:55 TRT" duration-ms="2701" status="PASS">
          <reporter-output>
          </reporter-output>
        </test-method> <!-- Test_WorkCentersByParentId -->
      </class> <!-- Test.GetById_StatusCode_Test -->
      <class name="Test.GetByName_StatusCode_Test">
        <test-method signature="Test_ClientByName_Success()[pri:0, instance:Test.GetByName_StatusCode_Test@54b2fc58]" started-at="2023-09-06T10:57:55 TRT" name="Test_ClientByName_Success" finished-at="2023-09-06T10:57:55 TRT" duration-ms="722" status="PASS">
          <reporter-output>
          </reporter-output>
        </test-method> <!-- Test_ClientByName_Success -->
        <test-method signature="Test_CompanyByName_Success()[pri:0, instance:Test.GetByName_StatusCode_Test@54b2fc58]" started-at="2023-09-06T10:57:55 TRT" name="Test_CompanyByName_Success" finished-at="2023-09-06T10:57:57 TRT" duration-ms="1240" status="PASS">
          <reporter-output>
          </reporter-output>
        </test-method> <!-- Test_CompanyByName_Success -->
        <test-method signature="Test_RegionsByName_Success()[pri:0, instance:Test.GetByName_StatusCode_Test@54b2fc58]" started-at="2023-09-06T10:57:57 TRT" name="Test_RegionsByName_Success" finished-at="2023-09-06T10:57:57 TRT" duration-ms="768" status="PASS">
          <reporter-output>
          </reporter-output>
        </test-method> <!-- Test_RegionsByName_Success -->
        <test-method signature="Test_SitesByName_Success()[pri:0, instance:Test.GetByName_StatusCode_Test@54b2fc58]" started-at="2023-09-06T10:57:57 TRT" name="Test_SitesByName_Success" finished-at="2023-09-06T10:57:58 TRT" duration-ms="1063" status="PASS">
          <reporter-output>
          </reporter-output>
        </test-method> <!-- Test_SitesByName_Success -->
      </class> <!-- Test.GetByName_StatusCode_Test -->
    </test> <!-- Command line test -->
  </suite> <!-- Command line suite -->
</testng-results>
